15:20:51 [INFO] Application start!
15:20:51 [INFO] Config: Config { sync_server: true, editor_command: "subl", ignore: [".*"], nerd_font: true, skip_exist: true, saving_memory: true, auto_update: true }
15:20:51 [INFO] Arguments: Args { path: Some("/work/abelab4/k_hiro/work"), sync: false }
15:21:03 [INFO] Command accepted: OpenFolder
15:21:03 [INFO] Command accepted: Down
15:21:03 [INFO] Command accepted: Down
15:21:04 [INFO] Command accepted: Down
15:21:04 [INFO] Command accepted: Down
15:21:04 [INFO] Command accepted: OpenFolder
15:21:04 [INFO] Command accepted: Down
15:21:04 [INFO] Command accepted: Down
15:21:05 [INFO] Command accepted: Down
15:21:05 [INFO] Command accepted: Down
15:21:05 [INFO] Command accepted: Down
15:21:05 [INFO] Command accepted: Up
15:21:05 [INFO] Command accepted: OpenFolder
15:21:06 [INFO] Command accepted: Down
15:21:06 [INFO] Command accepted: Down
15:21:06 [INFO] Command accepted: Down
15:21:06 [INFO] Command accepted: Down
15:21:06 [INFO] Command accepted: Down
15:21:06 [INFO] Command accepted: Down
15:21:07 [INFO] Command accepted: Down
15:21:07 [INFO] Command accepted: Down
15:21:07 [INFO] Command accepted: Down
15:21:07 [INFO] Command accepted: Down
15:21:07 [INFO] Command accepted: Down
15:21:07 [INFO] Command accepted: Down
15:21:07 [INFO] Command accepted: Down
15:21:07 [INFO] Command accepted: JumpUp
15:21:08 [INFO] Command accepted: JumpUp
15:21:08 [INFO] Command accepted: OpenFolder
15:21:09 [INFO] Command accepted: Down
15:21:09 [INFO] Command accepted: OpenFolder
15:21:10 [INFO] Command accepted: Down
15:21:10 [INFO] Command accepted: Down
15:21:10 [INFO] Command accepted: Down
15:21:10 [INFO] Command accepted: Down
15:21:10 [INFO] Command accepted: Down
15:21:10 [INFO] Command accepted: Down
15:21:10 [INFO] Command accepted: Down
15:21:11 [INFO] Command accepted: Down
15:21:11 [INFO] Command accepted: Down
15:21:11 [INFO] Command accepted: Down
15:21:11 [INFO] Command accepted: Down
15:21:11 [INFO] Command accepted: Down
15:21:11 [INFO] Command accepted: Up
15:21:12 [INFO] Command accepted: OpenFolder
15:21:13 [INFO] Command accepted: Up
15:21:13 [INFO] Command accepted: Down
15:21:14 [INFO] Command accepted: Enter
15:21:15 [INFO] Command accepted: Up
15:21:15 [INFO] Command accepted: Down
15:21:15 [INFO] Command accepted: Down
15:21:16 [INFO] Command accepted: Down
15:21:16 [INFO] Command accepted: Down
15:21:16 [INFO] Command accepted: Up
15:21:16 [INFO] Command accepted: Up
15:21:17 [INFO] Command accepted: Up
15:21:17 [INFO] Command accepted: Up
15:21:17 [INFO] Command accepted: Up
15:21:18 [INFO] Command accepted: Up
15:21:18 [INFO] Command accepted: Up
15:21:18 [INFO] Command accepted: Up
15:21:18 [INFO] Command accepted: Up
15:21:18 [INFO] Command accepted: Up
15:21:19 [INFO] Command accepted: Up
15:21:19 [INFO] Command accepted: Up
15:21:19 [INFO] Command accepted: Up
15:21:20 [INFO] Command accepted: Up
15:21:20 [INFO] Command accepted: OpenFolder
15:21:21 [INFO] Command accepted: Down
15:21:21 [INFO] Command accepted: OpenFolder
15:21:22 [INFO] Command accepted: Down
15:21:22 [INFO] Command accepted: Down
15:21:22 [INFO] Command accepted: Down
15:21:22 [INFO] Command accepted: Down
15:21:22 [INFO] Command accepted: Down
15:21:22 [INFO] Command accepted: Down
15:21:22 [INFO] Command accepted: Down
15:21:22 [INFO] Command accepted: Down
15:21:22 [INFO] Command accepted: Down
15:21:22 [INFO] Command accepted: Down
15:21:23 [INFO] Command accepted: Down
15:21:23 [INFO] Close application!
